2013-09-02
. simplification of options when scanning a card; for example, never any "change acct" button on formI
. created form account/ssn
. created form account/kba
. "Not yet a member? <a>Check it out</a>!" on login
. members can scan their own card to sign in (just add pword)
. revised tests and usd class to use Dwolla sandbox effectively for testing
. added verification of AuthorizedRepresentative (for that Dwolla registration step of that name)
. passes all tests except Membership (tests need revision)

2013-08-30
. moved email (and email change) to contact form
. require pin instead of password, to change email
. moved password, pin, and photo change to their own pages, with links from security page
. fixed bug in misc.js that undid all check box clicks (patched on production server)
. added signout to account dropdown
. re-ordered settings categories
. changed r\go() to accept ordinary messages, not just errors
. renamed "Get r/USD" to "Bank"
. implemented bank addition and verification form
. bank form shows only last four digits of bank account number
. added committed amount to summary (on rewards line) "reserved for contributions to CGF"
. fixed bug that hid charge tab for almost everyone
. implemented automatic phone, address, and ssn verification (for Dwolla account)
. fixed hiding of stuff on reg page as appropriate
. changed QR code format to allow longer cardcodes (expanded feature tests accordingly, to make sure old cards continue working)
- in formAccount did away with Drupal basis
- moved variable stuff from settings.php to boot.php
- improved forward.php to parse drupal messages and send html-formatted emails

2013-08-25
. fixed creditInfo() so it handles fee amounts properly (and displays right on Transactions page)
. fixed coverFee() so it creates a record in r_usd (and added missing reimbursements to production site)
. assured that summary page, transactions page, and downloads all show the same amounts
. fixed nextRBuyer bug (another bug) which mistakenly considered minimum balance (patched on production server)
. added an admin feature to cobble up a new account while waiting for the new dwolla reg api to be done
. system errors now email staff
. now gives error message if repeating the amount and other person as the previous transaction from same machine.
. fixed registration form javascript to show/hide fields depending on account type
. fixed coverFee bug (if Dwolla was unavailable, it queued the wrong function name) (patched on production server)
. fixed edit transaction purpose crash bug (patched on production server)
. adjusted settings.php, dwolla.php, and usd class to handle Dwolla sandbox self-signing certificate
. fixed tiny profile picture bug so user's photo now shows (patched on production server)
. eliminated tabs on login screen / separated registration and password change from dwolla builtin functions
. created new signup procedure, using Dwolla's new registration API (just the first step so far)
. changed calculator buttons to <button> and adjusted format to work on iPhones

2013-08-11
. fixed nextRBuyer bug, which chose the same member every time (patched on production server)
. fixed bankFollowup bug, which failed to mark transfers FROM bank completed (patched on production server and ran for each user, to fix data)
. shortened numeric keypad so it fits better on mobile screen (patched on production server)
. fixed bug that ran daily cron twice a day (patched on production server)
. fixed download bug (kept downloads from working at all)
. eliminated usdTid column in downloads
. everything uploaded to production server

2013-08-06
. changed "virtual payments" to "payment exchanges”
. Changed maximum bank delay to 10 days.  Patched on production server. Fixes double bank withdrawal bug. 
. City and state zip code without using USPS API 
. Icons on settings page 

2013-07-29
- Option to use internal Dwolla sandbox (including changes to settings.php and dwolla.php)
- calculator for mobile amount entry
- simplified mobile header, menus, global links, and help
- fixed mobile formatting on Preferences page
- added addBank() and verifyBank() to usd class

2013-07-11
- scan permission
- popup help throughout Transaction History page
- handle lost USD deposits/withdrawals/fees
- monthly inflation adjustment (and tests)
- sharing rewards with CGF (and tests)

2013-07-05
- added optional box column to Transaction History
- changed companies field "id" to "uid" (for consistency)
- new password not required after "Request New Password" if user logs in with valid old

2013-07-04
- changed values of tx types (needs to be updated in production database)
- added "From Bank" and "Fees" to Transaction History
- all Dwolla fees will now be reimbursed by the community (unless reimbursed by Dwolla). This also fixes problems with accurate USD balance caching
- fixed bug in r\nextRBuyer() that prevented members from buying rCredits if they had transactions but had never traded USD for rCredits (patched on production server)